2018-08-14 09:48:20.987 ERROR 4578 --- [main] o.s.b.c.l.LoggingApplicationListener     : Cannot set level: DEBUG   for 'com.bridgelabz.todoapplication'
2018-08-14 09:48:21.001  INFO 4578 --- [main] c.bridgelabz.ToDoNoteServiceApplication  : The following profiles are active: development
2018-08-14 09:48:21.016  INFO 4578 --- [main] ConfigServletWebServerApplicationContext : Refreshing org.springframework.boot.web.servlet.context.AnnotationConfigServletWebServerApplicationContext@71c27ee8: startup date [Tue Aug 14 09:48:21 IST 2018]; parent: org.springframework.context.annotation.AnnotationConfigApplicationContext@623a8092
2018-08-14 09:48:22.135  INFO 4578 --- [main] .s.d.r.c.RepositoryConfigurationDelegate : Multiple Spring Data modules found, entering strict repository configuration mode!
2018-08-14 09:48:22.188  INFO 4578 --- [main] .s.d.r.c.RepositoryConfigurationDelegate : Multiple Spring Data modules found, entering strict repository configuration mode!
2018-08-14 09:48:22.244  INFO 4578 --- [main] .RepositoryConfigurationExtensionSupport : Spring Data MongoDB - Could not safely identify store assignment for repository candidate interface com.bridgelabz.noteservice.repository.LabelElasticRepository.
2018-08-14 09:48:22.247  INFO 4578 --- [main] .RepositoryConfigurationExtensionSupport : Spring Data MongoDB - Could not safely identify store assignment for repository candidate interface com.bridgelabz.noteservice.repository.NoteElasticRepository.
2018-08-14 09:48:22.253  INFO 4578 --- [main] o.s.b.f.s.DefaultListableBeanFactory     : Overriding bean definition for bean 'noteRepository' with a different definition: replacing [Root bean: class [org.springframework.data.elasticsearch.repository.support.ElasticsearchRepositoryFactoryBean]; scope=; abstract=false; lazyInit=false; autowireMode=0; dependencyCheck=0; autowireCandidate=true; primary=false; factoryBeanName=null; factoryMethodName=null; initMethodName=null; destroyMethodName=null] with [Root bean: class [org.springframework.data.mongodb.repository.support.MongoRepositoryFactoryBean]; scope=; abstract=false; lazyInit=false; autowireMode=0; dependencyCheck=0; autowireCandidate=true; primary=false; factoryBeanName=null; factoryMethodName=null; initMethodName=null; destroyMethodName=null]
2018-08-14 09:48:22.256  INFO 4578 --- [main] o.s.b.f.s.DefaultListableBeanFactory     : Overriding bean definition for bean 'labelRepository' with a different definition: replacing [Root bean: class [org.springframework.data.elasticsearch.repository.support.ElasticsearchRepositoryFactoryBean]; scope=; abstract=false; lazyInit=false; autowireMode=0; dependencyCheck=0; autowireCandidate=true; primary=false; factoryBeanName=null; factoryMethodName=null; initMethodName=null; destroyMethodName=null] with [Root bean: class [org.springframework.data.mongodb.repository.support.MongoRepositoryFactoryBean]; scope=; abstract=false; lazyInit=false; autowireMode=0; dependencyCheck=0; autowireCandidate=true; primary=false; factoryBeanName=null; factoryMethodName=null; initMethodName=null; destroyMethodName=null]
2018-08-14 09:48:22.267  INFO 4578 --- [main] .s.d.r.c.RepositoryConfigurationDelegate : Multiple Spring Data modules found, entering strict repository configuration mode!
2018-08-14 09:48:22.282  INFO 4578 --- [main] .RepositoryConfigurationExtensionSupport : Spring Data Redis - Could not safely identify store assignment for repository candidate interface com.bridgelabz.noteservice.repository.LabelElasticRepository.
2018-08-14 09:48:22.283  INFO 4578 --- [main] .RepositoryConfigurationExtensionSupport : Spring Data Redis - Could not safely identify store assignment for repository candidate interface com.bridgelabz.noteservice.repository.LabelRepository.
2018-08-14 09:48:22.284  INFO 4578 --- [main] .RepositoryConfigurationExtensionSupport : Spring Data Redis - Could not safely identify store assignment for repository candidate interface com.bridgelabz.noteservice.repository.NoteElasticRepository.
2018-08-14 09:48:22.289  INFO 4578 --- [main] .RepositoryConfigurationExtensionSupport : Spring Data Redis - Could not safely identify store assignment for repository candidate interface com.bridgelabz.noteservice.repository.NoteRepository.
2018-08-14 09:48:22.690  INFO 4578 --- [main] o.s.cloud.context.scope.GenericScope     : BeanFactory id=dd391f91-20be-36dc-adc0-e03234cfedb7
2018-08-14 09:48:22.792  INFO 4578 --- [main] f.a.AutowiredAnnotationBeanPostProcessor : JSR-330 'javax.inject.Inject' annotation found and supported for autowiring
2018-08-14 09:48:22.840  WARN 4578 --- [main] o.s.b.c.p.PropertySourcesDeducer         : Multiple PropertySourcesPlaceholderConfigurer beans registered [swaggerProperties, propertyConfigurer], falling back to Environment
2018-08-14 09:48:22.883  INFO 4578 --- [main] trationDelegate$BeanPostProcessorChecker : Bean 'org.springframework.amqp.rabbit.annotation.RabbitBootstrapConfiguration' of type [org.springframework.amqp.rabbit.annotation.RabbitBootstrapConfiguration$$EnhancerBySpringCGLIB$$56be9d83] is not eligible for getting processed by all BeanPostProcessors (for example: not eligible for auto-proxying)
2018-08-14 09:48:22.997  INFO 4578 --- [main] trationDelegate$BeanPostProcessorChecker : Bean 'org.springframework.cloud.autoconfigure.ConfigurationPropertiesRebinderAutoConfiguration' of type [org.springframework.cloud.autoconfigure.ConfigurationPropertiesRebinderAutoConfiguration$$EnhancerBySpringCGLIB$$ac6ce252] is not eligible for getting processed by all BeanPostProcessors (for example: not eligible for auto-proxying)
2018-08-14 09:48:23.388  INFO 4578 --- [main] o.s.b.w.embedded.tomcat.TomcatWebServer  : Tomcat initialized with port(s): 9100 (http)
2018-08-14 09:48:23.405  INFO 4578 --- [main] o.apache.catalina.core.StandardService   : Starting service [Tomcat]
2018-08-14 09:48:23.406  INFO 4578 --- [main] org.apache.catalina.core.StandardEngine  : Starting Servlet Engine: Apache Tomcat/8.5.32
2018-08-14 09:48:23.411  INFO 4578 --- [localhost-startStop-1] o.a.catalina.core.AprLifecycleListener   : The APR based Apache Tomcat Native library which allows optimal performance in production environments was not found on the java.library.path: [/usr/java/packages/lib/amd64:/usr/lib64:/lib64:/lib:/usr/lib]
2018-08-14 09:48:23.490  INFO 4578 --- [localhost-startStop-1] o.a.c.c.C.[Tomcat].[localhost].[/]       : Initializing Spring embedded WebApplicationContext
2018-08-14 09:48:23.617  WARN 4578 --- [localhost-startStop-1] c.n.c.sources.URLConfigurationSource     : No URLs will be polled as dynamic configuration sources.
2018-08-14 09:48:23.618  INFO 4578 --- [localhost-startStop-1] c.n.c.sources.URLConfigurationSource     : To enable URLs as dynamic configuration sources, define System property archaius.configurationSource.additionalUrls or make config.properties available on classpath.
2018-08-14 09:48:23.625  INFO 4578 --- [localhost-startStop-1] c.netflix.config.DynamicPropertyFactory  : DynamicPropertyFactory is initialized with configuration sources: com.netflix.config.ConcurrentCompositeConfiguration@4da1918f
2018-08-14 09:48:24.041  INFO 4578 --- [localhost-startStop-1] org.mongodb.driver.cluster               : Cluster created with settings {hosts=[localhost:27017], mode=MULTIPLE, requiredClusterType=UNKNOWN, serverSelectionTimeout='30000 ms', maxWaitQueueSize=500}
2018-08-14 09:48:24.041  INFO 4578 --- [localhost-startStop-1] org.mongodb.driver.cluster               : Adding discovered server localhost:27017 to client view of cluster
2018-08-14 09:48:24.062  INFO 4578 --- [cluster-ClusterId{value='5b7258105d6efe11e2f71187', description='null'}-localhost:27017] org.mongodb.driver.cluster               : Exception in monitor thread while connecting to server localhost:27017

com.mongodb.MongoSocketOpenException: Exception opening socket
	at com.mongodb.connection.SocketStream.open(SocketStream.java:62) ~[mongodb-driver-core-3.6.4.jar:na]
	at com.mongodb.connection.InternalStreamConnection.open(InternalStreamConnection.java:126) ~[mongodb-driver-core-3.6.4.jar:na]
	at com.mongodb.connection.DefaultServerMonitor$ServerMonitorRunnable.run(DefaultServerMonitor.java:114) ~[mongodb-driver-core-3.6.4.jar:na]
	at java.lang.Thread.run(Thread.java:748) [na:1.8.0_181]
Caused by: java.net.ConnectException: Connection refused (Connection refused)
	at java.net.PlainSocketImpl.socketConnect(Native Method) ~[na:1.8.0_181]
	at java.net.AbstractPlainSocketImpl.doConnect(AbstractPlainSocketImpl.java:350) ~[na:1.8.0_181]
	at java.net.AbstractPlainSocketImpl.connectToAddress(AbstractPlainSocketImpl.java:206) ~[na:1.8.0_181]
	at java.net.AbstractPlainSocketImpl.connect(AbstractPlainSocketImpl.java:188) ~[na:1.8.0_181]
	at java.net.SocksSocketImpl.connect(SocksSocketImpl.java:392) ~[na:1.8.0_181]
	at java.net.Socket.connect(Socket.java:589) ~[na:1.8.0_181]
	at com.mongodb.connection.SocketStreamHelper.initialize(SocketStreamHelper.java:59) ~[mongodb-driver-core-3.6.4.jar:na]
	at com.mongodb.connection.SocketStream.open(SocketStream.java:57) ~[mongodb-driver-core-3.6.4.jar:na]
	... 3 common frames omitted

2018-08-14 09:48:24.456  INFO 4578 --- [localhost-startStop-1] o.elasticsearch.plugins.PluginsService   : no modules loaded
2018-08-14 09:48:24.461  INFO 4578 --- [localhost-startStop-1] o.elasticsearch.plugins.PluginsService   : loaded plugin [org.elasticsearch.index.reindex.ReindexPlugin]
2018-08-14 09:48:24.463  INFO 4578 --- [localhost-startStop-1] o.elasticsearch.plugins.PluginsService   : loaded plugin [org.elasticsearch.join.ParentJoinPlugin]
2018-08-14 09:48:24.463  INFO 4578 --- [localhost-startStop-1] o.elasticsearch.plugins.PluginsService   : loaded plugin [org.elasticsearch.percolator.PercolatorPlugin]
2018-08-14 09:48:24.463  INFO 4578 --- [localhost-startStop-1] o.elasticsearch.plugins.PluginsService   : loaded plugin [org.elasticsearch.script.mustache.MustachePlugin]
2018-08-14 09:48:24.463  INFO 4578 --- [localhost-startStop-1] o.elasticsearch.plugins.PluginsService   : loaded plugin [org.elasticsearch.transport.Netty4Plugin]
2018-08-14 09:48:25.170  INFO 4578 --- [localhost-startStop-1] o.s.d.e.c.TransportClientFactoryBean     : Adding transport node : 127.0.0.1:9300
2018-08-14 09:48:26.642  INFO 4578 --- [localhost-startStop-1] o.s.cloud.commons.util.InetUtils         : Cannot determine local hostname
2018-08-14 09:48:27.698  INFO 4578 --- [localhost-startStop-1] o.s.cloud.commons.util.InetUtils         : Cannot determine local hostname
2018-08-14 09:48:28.080  INFO 4578 --- [localhost-startStop-1] o.s.b.w.servlet.FilterRegistrationBean   : Mapping filter: 'characterEncodingFilter' to: [/*]
2018-08-14 09:48:28.081  INFO 4578 --- [localhost-startStop-1] o.s.b.w.servlet.FilterRegistrationBean   : Mapping filter: 'webMvcMetricsFilter' to: [/*]
2018-08-14 09:48:28.081  INFO 4578 --- [localhost-startStop-1] o.s.b.w.servlet.FilterRegistrationBean   : Mapping filter: 'hiddenHttpMethodFilter' to: [/*]
2018-08-14 09:48:28.081  INFO 4578 --- [localhost-startStop-1] o.s.b.w.servlet.FilterRegistrationBean   : Mapping filter: 'httpPutFormContentFilter' to: [/*]
2018-08-14 09:48:28.081  INFO 4578 --- [localhost-startStop-1] o.s.b.w.servlet.FilterRegistrationBean   : Mapping filter: 'requestContextFilter' to: [/*]
2018-08-14 09:48:28.081  INFO 4578 --- [localhost-startStop-1] o.s.b.w.servlet.FilterRegistrationBean   : Mapping filter: 'httpTraceFilter' to: [/*]
2018-08-14 09:48:28.081  INFO 4578 --- [localhost-startStop-1] o.s.b.w.servlet.ServletRegistrationBean  : Servlet dispatcherServlet mapped to [/]
2018-08-14 09:48:28.536  INFO 4578 --- [main] s.c.a.AnnotationConfigApplicationContext : Refreshing FeignContext-user-service: startup date [Tue Aug 14 09:48:28 IST 2018]; parent: org.springframework.boot.web.servlet.context.AnnotationConfigServletWebServerApplicationContext@71c27ee8
2018-08-14 09:48:28.552  INFO 4578 --- [main] f.a.AutowiredAnnotationBeanPostProcessor : JSR-330 'javax.inject.Inject' annotation found and supported for autowiring
2018-08-14 09:48:28.835  INFO 4578 --- [main] o.s.b.a.e.web.EndpointLinksResolver      : Exposing 2 endpoint(s) beneath base path '/actuator'
2018-08-14 09:48:28.847  INFO 4578 --- [main] s.b.a.e.w.s.WebMvcEndpointHandlerMapping : Mapped "{[/actuator/health],methods=[GET],produces=[application/vnd.spring-boot.actuator.v2+json || application/json]}" onto public java.lang.Object org.springframework.boot.actuate.endpoint.web.servlet.AbstractWebMvcEndpointHandlerMapping$OperationHandler.handle(javax.servlet.http.HttpServletRequest,java.util.Map<java.lang.String, java.lang.String>)
2018-08-14 09:48:28.849  INFO 4578 --- [main] s.b.a.e.w.s.WebMvcEndpointHandlerMapping : Mapped "{[/actuator/info],methods=[GET],produces=[application/vnd.spring-boot.actuator.v2+json || application/json]}" onto public java.lang.Object org.springframework.boot.actuate.endpoint.web.servlet.AbstractWebMvcEndpointHandlerMapping$OperationHandler.handle(javax.servlet.http.HttpServletRequest,java.util.Map<java.lang.String, java.lang.String>)
2018-08-14 09:48:28.850  INFO 4578 --- [main] s.b.a.e.w.s.WebMvcEndpointHandlerMapping : Mapped "{[/actuator],methods=[GET],produces=[application/vnd.spring-boot.actuator.v2+json || application/json]}" onto protected java.util.Map<java.lang.String, java.util.Map<java.lang.String, org.springframework.boot.actuate.endpoint.web.Link>> org.springframework.boot.actuate.endpoint.web.servlet.WebMvcEndpointHandlerMapping.links(javax.servlet.http.HttpServletRequest,javax.servlet.http.HttpServletResponse)
2018-08-14 09:48:28.994  INFO 4578 --- [main] d.s.w.p.DocumentationPluginsBootstrapper : Context refreshed
2018-08-14 09:48:29.034  INFO 4578 --- [main] d.s.w.p.DocumentationPluginsBootstrapper : Found 1 custom documentation plugin(s)
2018-08-14 09:48:29.049  INFO 4578 --- [main] s.d.s.w.s.ApiListingReferenceScanner     : Scanning for api listing references
2018-08-14 09:48:29.198  WARN 4578 --- [main] s.d.s.p.CachingModelPropertiesProvider   : Exception calculating properties for model(org.springframework.web.servlet.ModelAndView) -> ModelContext{type=org.springframework.web.servlet.ModelAndView, isReturnType=true}. java.lang.NullPointerException
2018-08-14 09:48:29.203  WARN 4578 --- [main] s.d.s.p.CachingModelPropertiesProvider   : Exception calculating properties for model(org.springframework.web.servlet.ModelAndView) -> ModelContext{type=org.springframework.web.servlet.ModelAndView, isReturnType=true}. java.lang.NullPointerException
2018-08-14 09:48:29.235  WARN 4578 --- [main] s.d.s.p.CachingModelPropertiesProvider   : Exception calculating properties for model(com.bridgelabz.noteservice.model.Response) -> ModelContext{type=com.bridgelabz.noteservice.model.Response, isReturnType=true}. java.lang.NullPointerException
2018-08-14 09:48:29.236  WARN 4578 --- [main] s.d.s.p.CachingModelPropertiesProvider   : Exception calculating properties for model(com.bridgelabz.noteservice.model.Response) -> ModelContext{type=com.bridgelabz.noteservice.model.Response, isReturnType=true}. java.lang.NullPointerException
2018-08-14 09:48:29.236  WARN 4578 --- [main] s.d.s.p.CachingModelPropertiesProvider   : Exception calculating properties for model(com.bridgelabz.noteservice.model.Label) -> ModelContext{type=com.bridgelabz.noteservice.model.Label, isReturnType=false}. java.lang.NullPointerException
2018-08-14 09:48:29.236  WARN 4578 --- [main] s.d.s.p.CachingModelPropertiesProvider   : Exception calculating properties for model(com.bridgelabz.noteservice.model.Label) -> ModelContext{type=com.bridgelabz.noteservice.model.Label, isReturnType=false}. java.lang.NullPointerException
2018-08-14 09:48:29.271  WARN 4578 --- [main] s.d.s.p.CachingModelPropertiesProvider   : Exception calculating properties for model(com.bridgelabz.noteservice.model.NoteDto) -> ModelContext{type=com.bridgelabz.noteservice.model.NoteDto, isReturnType=false}. java.lang.NullPointerException
2018-08-14 09:48:29.271  WARN 4578 --- [main] s.d.s.p.CachingModelPropertiesProvider   : Exception calculating properties for model(com.bridgelabz.noteservice.model.NoteDto) -> ModelContext{type=com.bridgelabz.noteservice.model.NoteDto, isReturnType=false}. java.lang.NullPointerException
2018-08-14 09:48:29.281  WARN 4578 --- [main] s.d.s.p.CachingModelPropertiesProvider   : Exception calculating properties for model(com.bridgelabz.noteservice.model.Notes) -> ModelContext{type=com.bridgelabz.noteservice.model.Notes, isReturnType=true}. java.lang.NullPointerException
2018-08-14 09:48:29.282  WARN 4578 --- [main] s.d.s.p.CachingModelPropertiesProvider   : Exception calculating properties for model(java.util.List<com.bridgelabz.noteservice.model.Notes>) -> ModelContext{type=java.util.List<com.bridgelabz.noteservice.model.Notes>, isReturnType=true}. java.lang.NullPointerException
2018-08-14 09:48:29.282  WARN 4578 --- [main] s.d.s.p.CachingModelPropertiesProvider   : Exception calculating properties for model(com.bridgelabz.noteservice.model.Notes) -> ModelContext{type=com.bridgelabz.noteservice.model.Notes, isReturnType=true}. java.lang.NullPointerException
2018-08-14 09:48:29.285  WARN 4578 --- [main] s.d.s.p.CachingModelPropertiesProvider   : Exception calculating properties for model(com.bridgelabz.noteservice.model.Notes) -> ModelContext{type=com.bridgelabz.noteservice.model.Notes, isReturnType=true}. java.lang.NullPointerException
2018-08-14 09:48:29.327  WARN 4578 --- [main] s.d.s.p.CachingModelPropertiesProvider   : Exception calculating properties for model(java.util.Map<java.lang.String,java.lang.String>) -> ModelContext{type=java.util.Map<java.lang.String,java.lang.String>, isReturnType=false}. java.lang.NullPointerException
2018-08-14 09:48:29.329  INFO 4578 --- [main] .d.s.w.r.o.CachingOperationNameGenerator : Generating unique operation named: handleUsingGET_1
2018-08-14 09:48:29.332  WARN 4578 --- [main] s.d.s.p.CachingModelPropertiesProvider   : Exception calculating properties for model(org.springframework.boot.actuate.endpoint.web.Link) -> ModelContext{type=org.springframework.boot.actuate.endpoint.web.Link, isReturnType=true}. java.lang.NullPointerException
2018-08-14 09:48:29.333  WARN 4578 --- [main] s.d.s.p.CachingModelPropertiesProvider   : Exception calculating properties for model(java.util.Map<java.lang.String,org.springframework.boot.actuate.endpoint.web.Link>) -> ModelContext{type=java.util.Map<java.lang.String,org.springframework.boot.actuate.endpoint.web.Link>, isReturnType=true}. java.lang.NullPointerException
2018-08-14 09:48:29.333  WARN 4578 --- [main] s.d.s.p.CachingModelPropertiesProvider   : Exception calculating properties for model(java.util.Map<java.lang.String,java.util.Map<java.lang.String,org.springframework.boot.actuate.endpoint.web.Link>>) -> ModelContext{type=java.util.Map<java.lang.String,java.util.Map<java.lang.String,org.springframework.boot.actuate.endpoint.web.Link>>, isReturnType=true}. java.lang.NullPointerException
2018-08-14 09:48:29.333  WARN 4578 --- [main] s.d.s.p.CachingModelPropertiesProvider   : Exception calculating properties for model(org.springframework.boot.actuate.endpoint.web.Link) -> ModelContext{type=org.springframework.boot.actuate.endpoint.web.Link, isReturnType=true}. java.lang.NullPointerException
2018-08-14 09:48:29.686  WARN 4578 --- [main] c.n.c.sources.URLConfigurationSource     : No URLs will be polled as dynamic configuration sources.
2018-08-14 09:48:29.687  INFO 4578 --- [main] c.n.c.sources.URLConfigurationSource     : To enable URLs as dynamic configuration sources, define System property archaius.configurationSource.additionalUrls or make config.properties available on classpath.
2018-08-14 09:48:30.439  INFO 4578 --- [main] o.s.ui.freemarker.SpringTemplateLoader   : SpringTemplateLoader for FreeMarker: using resource loader [org.springframework.boot.web.servlet.context.AnnotationConfigServletWebServerApplicationContext@71c27ee8: startup date [Tue Aug 14 09:48:21 IST 2018]; parent: org.springframework.context.annotation.AnnotationConfigApplicationContext@623a8092] and template loader path [classpath:/templates/]
2018-08-14 09:48:30.673  INFO 4578 --- [main] o.s.j.e.a.AnnotationMBeanExporter        : Registering beans for JMX exposure on startup
2018-08-14 09:48:30.681  INFO 4578 --- [main] o.s.j.e.a.AnnotationMBeanExporter        : Bean with name 'rabbitConnectionFactory' has been autodetected for JMX exposure
2018-08-14 09:48:30.683  INFO 4578 --- [main] o.s.j.e.a.AnnotationMBeanExporter        : Bean with name 'environmentManager' has been autodetected for JMX exposure
2018-08-14 09:48:30.685  INFO 4578 --- [main] o.s.j.e.a.AnnotationMBeanExporter        : Bean with name 'refreshScope' has been autodetected for JMX exposure
2018-08-14 09:48:30.685  INFO 4578 --- [main] o.s.j.e.a.AnnotationMBeanExporter        : Bean with name 'configurationPropertiesRebinder' has been autodetected for JMX exposure
2018-08-14 09:48:30.688  INFO 4578 --- [main] o.s.j.e.a.AnnotationMBeanExporter        : Located managed bean 'environmentManager': registering with JMX server as MBean [org.springframework.cloud.context.environment:name=environmentManager,type=EnvironmentManager]
2018-08-14 09:48:30.697  INFO 4578 --- [main] o.s.j.e.a.AnnotationMBeanExporter        : Located managed bean 'refreshScope': registering with JMX server as MBean [org.springframework.cloud.context.scope.refresh:name=refreshScope,type=RefreshScope]
2018-08-14 09:48:30.706  INFO 4578 --- [main] o.s.j.e.a.AnnotationMBeanExporter        : Located managed bean 'configurationPropertiesRebinder': registering with JMX server as MBean [org.springframework.cloud.context.properties:name=configurationPropertiesRebinder,context=71c27ee8,type=ConfigurationPropertiesRebinder]
2018-08-14 09:48:30.712  INFO 4578 --- [main] o.s.j.e.a.AnnotationMBeanExporter        : Located managed bean 'rabbitConnectionFactory': registering with JMX server as MBean [org.springframework.amqp.rabbit.connection:name=rabbitConnectionFactory,type=CachingConnectionFactory]
2018-08-14 09:48:30.729  INFO 4578 --- [main] o.s.c.support.DefaultLifecycleProcessor  : Starting beans in phase 0
2018-08-14 09:48:30.741  INFO 4578 --- [main] o.s.c.n.eureka.InstanceInfoFactory       : Setting initial instance status as: STARTING
2018-08-14 09:48:30.763  INFO 4578 --- [main] com.netflix.discovery.DiscoveryClient    : Initializing Eureka in region us-east-1
2018-08-14 09:48:30.811  INFO 4578 --- [main] c.n.d.provider.DiscoveryJerseyProvider   : Using JSON encoding codec LegacyJacksonJson
2018-08-14 09:48:30.811  INFO 4578 --- [main] c.n.d.provider.DiscoveryJerseyProvider   : Using JSON decoding codec LegacyJacksonJson
2018-08-14 09:48:30.887  INFO 4578 --- [main] c.n.d.provider.DiscoveryJerseyProvider   : Using XML encoding codec XStreamXml
2018-08-14 09:48:30.887  INFO 4578 --- [main] c.n.d.provider.DiscoveryJerseyProvider   : Using XML decoding codec XStreamXml
2018-08-14 09:48:31.004  INFO 4578 --- [main] c.n.d.s.r.aws.ConfigClusterResolver      : Resolving eureka endpoints via configuration
2018-08-14 09:48:31.013  INFO 4578 --- [main] com.netflix.discovery.DiscoveryClient    : Disable delta property : false
2018-08-14 09:48:31.014  INFO 4578 --- [main] com.netflix.discovery.DiscoveryClient    : Single vip registry refresh property : null
2018-08-14 09:48:31.014  INFO 4578 --- [main] com.netflix.discovery.DiscoveryClient    : Force full registry fetch : false
2018-08-14 09:48:31.014  INFO 4578 --- [main] com.netflix.discovery.DiscoveryClient    : Application is null : false
2018-08-14 09:48:31.014  INFO 4578 --- [main] com.netflix.discovery.DiscoveryClient    : Registered Applications size is zero : true
2018-08-14 09:48:31.014  INFO 4578 --- [main] com.netflix.discovery.DiscoveryClient    : Application version is -1: true
2018-08-14 09:48:31.014  INFO 4578 --- [main] com.netflix.discovery.DiscoveryClient    : Getting all instance registry info from the eureka server
2018-08-14 09:48:31.121  INFO 4578 --- [main] com.netflix.discovery.DiscoveryClient    : The response status is 200
2018-08-14 09:48:31.123  INFO 4578 --- [main] com.netflix.discovery.DiscoveryClient    : Starting heartbeat executor: renew interval is: 30
2018-08-14 09:48:31.125  INFO 4578 --- [main] c.n.discovery.InstanceInfoReplicator     : InstanceInfoReplicator onDemand update allowed rate per min is 4
2018-08-14 09:48:31.128  INFO 4578 --- [main] com.netflix.discovery.DiscoveryClient    : Discovery Client initialized at timestamp 1534220311127 with initial instances count: 2
2018-08-14 09:48:31.132  INFO 4578 --- [main] o.s.c.n.e.s.EurekaServiceRegistry        : Registering application ToDo-Microservice-NoteService with eureka with status UP
2018-08-14 09:48:31.133  INFO 4578 --- [main] com.netflix.discovery.DiscoveryClient    : Saw local status change event StatusChangeEvent [timestamp=1534220311133, current=UP, previous=STARTING]
2018-08-14 09:48:31.134  INFO 4578 --- [DiscoveryClient-InstanceInfoReplicator-0] com.netflix.discovery.DiscoveryClient    : DiscoveryClient_TODO-MICROSERVICE-NOTESERVICE/localhost:ToDo-Microservice-NoteService:9100: registering service...
2018-08-14 09:48:31.137  INFO 4578 --- [main] o.s.c.support.DefaultLifecycleProcessor  : Starting beans in phase 2147483647
2018-08-14 09:48:31.164  INFO 4578 --- [DiscoveryClient-InstanceInfoReplicator-0] com.netflix.discovery.DiscoveryClient    : DiscoveryClient_TODO-MICROSERVICE-NOTESERVICE/localhost:ToDo-Microservice-NoteService:9100 - registration status: 204
2018-08-14 09:48:31.169  INFO 4578 --- [main] o.s.b.w.embedded.tomcat.TomcatWebServer  : Tomcat started on port(s): 9100 (http) with context path ''
2018-08-14 09:48:31.170  INFO 4578 --- [main] .s.c.n.e.s.EurekaAutoServiceRegistration : Updating port to 9100
2018-08-14 09:48:31.172  INFO 4578 --- [main] c.bridgelabz.ToDoNoteServiceApplication  : Started ToDoNoteServiceApplication in 12.988 seconds (JVM running for 13.503)
2018-08-14 09:53:31.015  INFO 4578 --- [AsyncResolver-bootstrap-executor-0] c.n.d.s.r.aws.ConfigClusterResolver      : Resolving eureka endpoints via configuration
2018-08-14 09:58:31.017  INFO 4578 --- [AsyncResolver-bootstrap-executor-0] c.n.d.s.r.aws.ConfigClusterResolver      : Resolving eureka endpoints via configuration
2018-08-14 09:59:09.350  INFO 4578 --- [http-nio-9100-exec-1] o.a.c.c.C.[Tomcat].[localhost].[/]       : Initializing Spring FrameworkServlet 'dispatcherServlet'
2018-08-14 09:59:44.171  INFO 4578 --- [cluster-ClusterId{value='5b7258105d6efe11e2f71187', description='null'}-localhost:27017] org.mongodb.driver.connection            : Opened connection [connectionId{localValue:69, serverValue:2}] to localhost:27017
2018-08-14 09:59:44.174  INFO 4578 --- [cluster-ClusterId{value='5b7258105d6efe11e2f71187', description='null'}-localhost:27017] org.mongodb.driver.cluster               : Monitor thread successfully connected to server with description ServerDescription{address=localhost:27017, type=STANDALONE, state=CONNECTED, ok=true, version=ServerVersion{versionList=[3, 6, 6]}, minWireVersion=0, maxWireVersion=6, maxDocumentSize=16777216, logicalSessionTimeoutMinutes=30, roundTripTimeNanos=1436360}
2018-08-14 09:59:44.174  INFO 4578 --- [cluster-ClusterId{value='5b7258105d6efe11e2f71187', description='null'}-localhost:27017] org.mongodb.driver.cluster               : Discovered cluster type of STANDALONE
2018-08-14 10:03:31.018  INFO 4578 --- [AsyncResolver-bootstrap-executor-0] c.n.d.s.r.aws.ConfigClusterResolver      : Resolving eureka endpoints via configuration
2018-08-14 10:05:21.233  INFO 4578 --- [RMI TCP Connection(25)-127.0.0.1] inMXBeanRegistrar$SpringApplicationAdmin : Application shutdown requested.
2018-08-14 10:05:21.233  INFO 4578 --- [RMI TCP Connection(25)-127.0.0.1] ConfigServletWebServerApplicationContext : Closing org.springframework.boot.web.servlet.context.AnnotationConfigServletWebServerApplicationContext@71c27ee8: startup date [Tue Aug 14 09:48:21 IST 2018]; parent: org.springframework.context.annotation.AnnotationConfigApplicationContext@623a8092
2018-08-14 10:05:21.234  INFO 4578 --- [RMI TCP Connection(25)-127.0.0.1] o.s.c.n.e.s.EurekaServiceRegistry        : Unregistering application ToDo-Microservice-NoteService with eureka with status DOWN
2018-08-14 10:05:21.234  WARN 4578 --- [RMI TCP Connection(25)-127.0.0.1] com.netflix.discovery.DiscoveryClient    : Saw local status change event StatusChangeEvent [timestamp=1534221321234, current=DOWN, previous=UP]
2018-08-14 10:05:21.235  INFO 4578 --- [DiscoveryClient-InstanceInfoReplicator-0] com.netflix.discovery.DiscoveryClient    : DiscoveryClient_TODO-MICROSERVICE-NOTESERVICE/localhost:ToDo-Microservice-NoteService:9100: registering service...
2018-08-14 10:05:21.237  INFO 4578 --- [RMI TCP Connection(25)-127.0.0.1] o.s.c.support.DefaultLifecycleProcessor  : Stopping beans in phase 2147483647
2018-08-14 10:05:21.237  INFO 4578 --- [RMI TCP Connection(25)-127.0.0.1] o.s.c.support.DefaultLifecycleProcessor  : Stopping beans in phase 0
2018-08-14 10:05:21.253  INFO 4578 --- [RMI TCP Connection(25)-127.0.0.1] o.s.j.e.a.AnnotationMBeanExporter        : Unregistering JMX-exposed beans on shutdown
2018-08-14 10:05:21.255  INFO 4578 --- [RMI TCP Connection(25)-127.0.0.1] o.s.j.e.a.AnnotationMBeanExporter        : Unregistering JMX-exposed beans
2018-08-14 10:05:21.282  INFO 4578 --- [DiscoveryClient-InstanceInfoReplicator-0] com.netflix.discovery.DiscoveryClient    : DiscoveryClient_TODO-MICROSERVICE-NOTESERVICE/localhost:ToDo-Microservice-NoteService:9100 - registration status: 204
2018-08-14 10:05:21.334  INFO 4578 --- [RMI TCP Connection(25)-127.0.0.1] s.c.a.AnnotationConfigApplicationContext : Closing FeignContext-user-service: startup date [Tue Aug 14 09:48:28 IST 2018]; parent: org.springframework.boot.web.servlet.context.AnnotationConfigServletWebServerApplicationContext@71c27ee8
2018-08-14 10:05:22.318  INFO 4578 --- [RMI TCP Connection(25)-127.0.0.1] com.netflix.discovery.DiscoveryClient    : Shutting down DiscoveryClient ...
2018-08-14 10:05:22.322  WARN 4578 --- [RMI TCP Connection(25)-127.0.0.1] .s.c.a.CommonAnnotationBeanPostProcessor : Invocation of destroy method failed on bean with name 'scopedTarget.eurekaClient': org.springframework.beans.factory.BeanCreationNotAllowedException: Error creating bean with name 'eurekaInstanceConfigBean': Singleton bean creation not allowed while singletons of this factory are in destruction (Do not request a bean from a BeanFactory in a destroy method implementation!)
2018-08-14 10:05:22.413  INFO 4578 --- [RMI TCP Connection(25)-127.0.0.1] o.apache.catalina.core.StandardService   : Stopping service [Tomcat]
2018-08-14 10:05:22.415  INFO 4578 --- [localhost-startStop-2] o.a.c.c.C.[Tomcat].[localhost].[/]       : Destroying Spring FrameworkServlet 'dispatcherServlet'
